<?xml version="1.0" encoding="UTF-8"?>
<!-- Generated by org.testng.reporters.JUnitReportReporter -->
<testsuite skipped="0" hostname="chouman" name="com.PRregressionSuite.TestScripts_PR_Regression" tests="2" failures="0" timestamp="2021-06-26T13:21:05 EDT" time="29.436" errors="0">
  <testcase name="LoginValidation" time="16.722" classname="com.PRregressionSuite.TestScripts_PR_Regression"/>
  <system-out/>
  <testcase name="mInOfficeAppointmentValidation" time="12.714" classname="com.PRregressionSuite.TestScripts_PR_Regression"/>
  <system-out/>
</testsuite> <!-- com.PRregressionSuite.TestScripts_PR_Regression -->
